<?xml version="1.0" encoding="UTF-8"?>
<!-- Generated by org.testng.reporters.JUnitXMLReporter -->
<testsuite hostname="LAPTOP-900J6BTV" ignored="0" name="Test" tests="1" failures="1" timestamp="30 Sep 2018 07:23:10 GMT" time="0.03" errors="0">
  <testcase name="HomePage" time="0.0" classname="Tests.Test1">
    <failure type="org.testng.TestNGException" message="
Cannot inject @Test annotated Method [HomePage] with [class java.lang.String, class java.lang.String].
For more information on native dependency injection please refer to http://testng.org/doc/documentation-main.html#native-dependency-injection">
      <![CDATA[org.testng.TestNGException: 
Cannot inject @Test annotated Method [HomePage] with [class java.lang.String, class java.lang.String].
For more information on native dependency injection please refer to http://testng.org/doc/documentation-main.html#native-dependency-injection
... Removed 24 stack frames]]>
    </failure>
  </testcase> <!-- HomePage -->
</testsuite> <!-- Test -->
